0 info it worked if it ends with ok
1 verbose cli [ '/usr/local/bin/node', '/usr/local/bin/npm', 'start' ]
2 info using npm@3.8.9
3 info using node@v6.2.0
4 verbose run-script [ 'prestart', 'start', 'poststart' ]
5 info lifecycle rrtimes0711@1.0.0~prestart: rrtimes0711@1.0.0
6 silly lifecycle rrtimes0711@1.0.0~prestart: no script for prestart, continuing
7 info lifecycle rrtimes0711@1.0.0~start: rrtimes0711@1.0.0
8 verbose lifecycle rrtimes0711@1.0.0~start: unsafe-perm in lifecycle true
9 verbose lifecycle rrtimes0711@1.0.0~start: PATH: /usr/local/lib/node_modules/npm/bin/node-gyp-bin:/Users/cyranoksy/Desktop/iBook/rrtimes_pratice/rrtimes0711/node_modules/.bin:/usr/local/bin:/Library/Java/JavaVirtualMachines/jdk1.8.0_111.jdk/Contents/Home/bin:/Users/cyranoksy/desktop/tool/maven/apache-maven-3.3.9/bin:/usr/local/bin:/usr/bin:/bin:/usr/sbin:/sbin:/usr/local/mysql-5.7.16-osx10.11-x86_64/bin/mysql
10 verbose lifecycle rrtimes0711@1.0.0~start: CWD: /Users/cyranoksy/Desktop/iBook/rrtimes_pratice/rrtimes0711
11 silly lifecycle rrtimes0711@1.0.0~start: Args: [ '-c',
11 silly lifecycle   'webpack-dev-server --hot --inline --progress --colors --watch --compress --content-base ./dist  --port 1000 --host 0.0.0.0' ]
12 silly lifecycle rrtimes0711@1.0.0~start: Returned: code: 1  signal: null
13 info lifecycle rrtimes0711@1.0.0~start: Failed to exec start script
14 verbose stack Error: rrtimes0711@1.0.0 start: `webpack-dev-server --hot --inline --progress --colors --watch --compress --content-base ./dist  --port 1000 --host 0.0.0.0`
14 verbose stack Exit status 1
14 verbose stack     at EventEmitter.<anonymous> (/usr/local/lib/node_modules/npm/lib/utils/lifecycle.js:245:16)
14 verbose stack     at emitTwo (events.js:106:13)
14 verbose stack     at EventEmitter.emit (events.js:191:7)
14 verbose stack     at ChildProcess.<anonymous> (/usr/local/lib/node_modules/npm/lib/utils/spawn.js:24:14)
14 verbose stack     at emitTwo (events.js:106:13)
14 verbose stack     at ChildProcess.emit (events.js:191:7)
14 verbose stack     at maybeClose (internal/child_process.js:850:16)
14 verbose stack     at Process.ChildProcess._handle.onexit (internal/child_process.js:215:5)
15 verbose pkgid rrtimes0711@1.0.0
16 verbose cwd /Users/cyranoksy/Desktop/iBook/rrtimes_pratice/rrtimes0711
17 error Darwin 15.2.0
18 error argv "/usr/local/bin/node" "/usr/local/bin/npm" "start"
19 error node v6.2.0
20 error npm  v3.8.9
21 error code ELIFECYCLE
22 error rrtimes0711@1.0.0 start: `webpack-dev-server --hot --inline --progress --colors --watch --compress --content-base ./dist  --port 1000 --host 0.0.0.0`
22 error Exit status 1
23 error Failed at the rrtimes0711@1.0.0 start script 'webpack-dev-server --hot --inline --progress --colors --watch --compress --content-base ./dist  --port 1000 --host 0.0.0.0'.
23 error Make sure you have the latest version of node.js and npm installed.
23 error If you do, this is most likely a problem with the rrtimes0711 package,
23 error not with npm itself.
23 error Tell the author that this fails on your system:
23 error     webpack-dev-server --hot --inline --progress --colors --watch --compress --content-base ./dist  --port 1000 --host 0.0.0.0
23 error You can get information on how to open an issue for this project with:
23 error     npm bugs rrtimes0711
23 error Or if that isn't available, you can get their info via:
23 error     npm owner ls rrtimes0711
23 error There is likely additional logging output above.
24 verbose exit [ 1, true ]
